<?xml version="1.0" encoding="UTF-8"?>
<testsuite xmlns:xsi="http://www.w3.org/2001/XMLSchema-instance" xsi:noNamespaceSchemaLocation="https://maven.apache.org/surefire/maven-surefire-plugin/xsd/surefire-test-report.xsd" name="Com.Test.venkata.runners.TestRunner" time="43.581" tests="15" errors="0" skipped="0" failures="0">
  <properties>
[...]
</properties>
  <testcase name="Given I am on the home page" classname="Scenario: Order and verify a T-shirt" time="0.001"/>
  <testcase name="And I navigate to the t-shirt section" classname="Scenario: Order and verify a T-shirt" time="0"/>
  <testcase name="And I select and add the t-shirt to the cart" classname="Scenario: Order and verify a T-shirt" time="0"/>
  <testcase name="And I proceed to the checkout" classname="Scenario: Order and verify a T-shirt" time="0"/>
  <testcase name="And I sign in using my credentials" classname="Scenario: Order and verify a T-shirt" time="0"/>
  <testcase name="And I select the payment Method" classname="Scenario: Order and verify a T-shirt" time="0"/>
  <testcase name="When I confirm my order" classname="Scenario: Order and verify a T-shirt" time="0"/>
  <testcase name="Then I verify my order in order history" classname="Scenario: Order and verify a T-shirt" time="0"/>
  <testcase name="Scenario: Order and verify a T-shirt" classname="Scenario: Order and verify a T-shirt" time="0"/>
  <testcase name="Given I am on the home page" classname="Scenario: Update first name in my account" time="0"/>
  <testcase name="And I click on sign button" classname="Scenario: Update first name in my account" time="0"/>
  <testcase name="And I sign in with my credentials" classname="Scenario: Update first name in my account" time="0"/>
  <testcase name="And I click on my personal information" classname="Scenario: Update first name in my account" time="0"/>
  <testcase name="Then I update my first name to &quot;updatefirstname&quot;" classname="Scenario: Update first name in my account" time="0"/>
  <testcase name="Scenario: Update first name in my account" classname="Scenario: Update first name in my account" time="0"/>
</testsuite>